::1 - - [19/Jun/2022:15:06:58 +0000] "POST /api/user/v1/auth/pwchage HTTP/1.1" 500 45 "-" "PostmanRuntime/7.28.4"
::1 - - [19/Jun/2022:15:07:43 +0000] "POST /api/user/v1/auth/pwchage HTTP/1.1" 200 63 "-" "PostmanRuntime/7.28.4"
::1 - - [19/Jun/2022:15:13:07 +0000] "POST /api/user/v1/auth/login HTTP/1.1" 422 48 "-" "PostmanRuntime/7.28.4"
::1 - - [19/Jun/2022:15:14:20 +0000] "POST /api/user/v1/auth/register HTTP/1.1" 500 49 "-" "PostmanRuntime/7.28.4"
::1 - - [19/Jun/2022:15:15:17 +0000] "POST /api/user/v1/auth/register HTTP/1.1" 500 49 "-" "PostmanRuntime/7.28.4"
::1 - - [19/Jun/2022:15:15:50 +0000] "POST /api/user/v1/auth/register HTTP/1.1" 500 49 "-" "PostmanRuntime/7.28.4"
::1 - - [19/Jun/2022:15:16:47 +0000] "POST /api/user/v1/auth/register HTTP/1.1" 500 49 "-" "PostmanRuntime/7.28.4"
::1 - - [19/Jun/2022:15:16:50 +0000] "POST /api/user/v1/auth/register HTTP/1.1" 500 49 "-" "PostmanRuntime/7.28.4"
::1 - - [19/Jun/2022:15:17:16 +0000] "POST /api/user/v1/auth/register HTTP/1.1" 500 49 "-" "PostmanRuntime/7.28.4"
::1 - - [19/Jun/2022:15:18:05 +0000] "POST /api/user/v1/auth/register HTTP/1.1" 500 44 "-" "PostmanRuntime/7.28.4"
::1 - - [19/Jun/2022:15:19:50 +0000] "POST /api/user/v1/auth/register HTTP/1.1" 500 49 "-" "PostmanRuntime/7.28.4"
::1 - - [19/Jun/2022:15:20:54 +0000] "POST /api/user/v1/auth/login HTTP/1.1" 200 157 "-" "PostmanRuntime/7.28.4"
::1 - - [19/Jun/2022:15:23:04 +0000] "POST /api/user/v1/auth/register HTTP/1.1" 500 49 "-" "PostmanRuntime/7.28.4"
::1 - - [19/Jun/2022:15:24:13 +0000] "POST /api/user/v1/auth/pwchage HTTP/1.1" 200 63 "-" "PostmanRuntime/7.28.4"
::1 - - [19/Jun/2022:15:24:52 +0000] "POST /api/user/v1/auth/pwchage HTTP/1.1" 200 63 "-" "PostmanRuntime/7.28.4"
::1 - - [19/Jun/2022:15:25:28 +0000] "POST /api/user/v1/auth/pwchage HTTP/1.1" 200 63 "-" "PostmanRuntime/7.28.4"
::1 - - [19/Jun/2022:15:59:37 +0000] "GET /api/user/v1/auth/test HTTP/1.1" 404 160 "-" "PostmanRuntime/7.28.4"
::1 - - [19/Jun/2022:15:59:43 +0000] "POST /api/user/v1/auth/test HTTP/1.1" 200 - "-" "PostmanRuntime/7.28.4"
::1 - - [21/Jun/2022:15:47:53 +0000] "POST /api/user/v1/auth/login HTTP/1.1" 422 34 "-" "PostmanRuntime/7.28.4"
::1 - - [21/Jun/2022:15:48:23 +0000] "POST /api/user/v1/auth/login HTTP/1.1" 422 34 "-" "PostmanRuntime/7.28.4"
::1 - - [21/Jun/2022:15:48:27 +0000] "POST /api/user/v1/auth/login HTTP/1.1" 422 34 "-" "PostmanRuntime/7.28.4"
::1 - - [21/Jun/2022:15:48:41 +0000] "POST /api/user/v1/auth/register HTTP/1.1" 200 129 "-" "PostmanRuntime/7.28.4"
::1 - - [21/Jun/2022:15:50:08 +0000] "POST /api/user/v1/auth/login HTTP/1.1" 422 34 "-" "PostmanRuntime/7.28.4"
::1 - - [21/Jun/2022:15:51:50 +0000] "POST /api/user/v1/auth/register HTTP/1.1" 200 129 "-" "PostmanRuntime/7.28.4"
::1 - - [21/Jun/2022:15:54:05 +0000] "POST /api/user/v1/auth/register HTTP/1.1" 200 129 "-" "PostmanRuntime/7.28.4"
::1 - - [21/Jun/2022:15:54:06 +0000] "POST /api/user/v1/auth/register HTTP/1.1" 200 129 "-" "PostmanRuntime/7.28.4"
::1 - - [21/Jun/2022:15:54:06 +0000] "POST /api/user/v1/auth/register HTTP/1.1" 200 129 "-" "PostmanRuntime/7.28.4"
::1 - - [21/Jun/2022:15:54:06 +0000] "POST /api/user/v1/auth/register HTTP/1.1" 200 129 "-" "PostmanRuntime/7.28.4"
::1 - - [21/Jun/2022:15:55:12 +0000] "POST /api/user/v1/auth/register HTTP/1.1" 200 134 "-" "PostmanRuntime/7.28.4"
::1 - - [21/Jun/2022:15:55:34 +0000] "POST /api/user/v1/auth/register HTTP/1.1" 200 129 "-" "PostmanRuntime/7.28.4"
::1 - - [21/Jun/2022:15:55:46 +0000] "POST /api/user/v1/auth/register HTTP/1.1" 200 129 "-" "PostmanRuntime/7.28.4"
::1 - - [21/Jun/2022:15:55:51 +0000] "POST /api/user/v1/auth/register HTTP/1.1" 200 129 "-" "PostmanRuntime/7.28.4"
::1 - - [21/Jun/2022:15:57:12 +0000] "POST /api/user/v1/auth/register HTTP/1.1" 200 129 "-" "PostmanRuntime/7.28.4"
::1 - - [21/Jun/2022:15:57:33 +0000] "POST /api/user/v1/auth/register HTTP/1.1" 200 129 "-" "PostmanRuntime/7.28.4"
::1 - - [21/Jun/2022:15:59:54 +0000] "POST /api/user/v1/auth/register HTTP/1.1" 200 129 "-" "PostmanRuntime/7.28.4"
::1 - - [21/Jun/2022:16:00:10 +0000] "POST /api/user/v1/auth/register HTTP/1.1" 200 129 "-" "PostmanRuntime/7.28.4"
::1 - - [21/Jun/2022:16:01:56 +0000] "POST /api/user/v1/auth/register HTTP/1.1" 200 129 "-" "PostmanRuntime/7.28.4"
::1 - - [21/Jun/2022:16:04:57 +0000] "POST /api/user/v1/auth/register HTTP/1.1" 200 129 "-" "PostmanRuntime/7.28.4"
::1 - - [21/Jun/2022:16:07:33 +0000] "POST /api/user/v1/auth/register HTTP/1.1" 200 63 "-" "PostmanRuntime/7.28.4"
::1 - - [21/Jun/2022:16:08:21 +0000] "POST /api/user/v1/auth/login HTTP/1.1" 200 157 "-" "PostmanRuntime/7.28.4"
::1 - - [21/Jun/2022:16:12:27 +0000] "GET /api/user/v1/main/insert HTTP/1.1" 404 162 "-" "PostmanRuntime/7.28.4"
::1 - - [21/Jun/2022:16:14:31 +0000] "PUT /api/user/v1/main/insert HTTP/1.1" 200 69 "-" "PostmanRuntime/7.28.4"
::1 - - [21/Jun/2022:16:15:49 +0000] "PUT /api/user/v1/main/insert HTTP/1.1" 200 63 "-" "PostmanRuntime/7.28.4"
::1 - - [21/Jun/2022:16:17:59 +0000] "GET /api/user/v1/main/list HTTP/1.1" 401 - "-" "PostmanRuntime/7.28.4"
::1 - - [21/Jun/2022:16:18:33 +0000] "GET /api/user/v1/main/list HTTP/1.1" 200 63 "-" "PostmanRuntime/7.28.4"
::1 - - [21/Jun/2022:16:18:50 +0000] "GET /api/user/v1/main/list HTTP/1.1" 200 63 "-" "PostmanRuntime/7.28.4"
::1 - - [21/Jun/2022:16:19:07 +0000] "GET /api/user/v1/main/list HTTP/1.1" 200 69 "-" "PostmanRuntime/7.28.4"
::1 - - [21/Jun/2022:16:19:44 +0000] "GET /api/user/v1/main/list HTTP/1.1" 200 69 "-" "PostmanRuntime/7.28.4"
::1 - - [21/Jun/2022:16:21:21 +0000] "GET /api/user/v1/main/list HTTP/1.1" 200 621 "-" "PostmanRuntime/7.28.4"
