::1 - - [14/Jun/2022:15:05:33 +0000] "POST /api/user/v1/auth/join HTTP/1.1" 404 161 "-" "PostmanRuntime/7.28.4"
::1 - - [14/Jun/2022:15:06:41 +0000] "POST /api/user/v1/auth/join HTTP/1.1" 401 - "-" "PostmanRuntime/7.28.4"
::1 - - [14/Jun/2022:15:06:54 +0000] "POST /api/user/v1/auth/join HTTP/1.1" 401 - "-" "PostmanRuntime/7.28.4"
::1 - - [14/Jun/2022:15:14:49 +0000] "POST /api/user/v1/auth/join HTTP/1.1" 401 - "-" "PostmanRuntime/7.28.4"
::1 - - [14/Jun/2022:15:17:24 +0000] "POST /api/user/v1/auth/join HTTP/1.1" 401 - "-" "PostmanRuntime/7.28.4"
::1 - - [14/Jun/2022:15:18:12 +0000] "POST /api/user/v1/auth/join HTTP/1.1" 401 - "-" "PostmanRuntime/7.28.4"
::1 - - [14/Jun/2022:15:18:13 +0000] "POST /api/user/v1/auth/join HTTP/1.1" 401 - "-" "PostmanRuntime/7.28.4"
::1 - - [14/Jun/2022:15:18:14 +0000] "POST /api/user/v1/auth/join HTTP/1.1" 401 - "-" "PostmanRuntime/7.28.4"
::1 - - [14/Jun/2022:15:18:16 +0000] "POST /api/user/v1/auth/join HTTP/1.1" 401 - "-" "PostmanRuntime/7.28.4"
::1 - - [14/Jun/2022:15:18:17 +0000] "POST /api/user/v1/auth/join HTTP/1.1" 401 - "-" "PostmanRuntime/7.28.4"
::1 - - [14/Jun/2022:15:18:50 +0000] "POST /api/user/v1/auth/join HTTP/1.1" 401 - "-" "PostmanRuntime/7.28.4"
::1 - - [14/Jun/2022:15:19:48 +0000] "POST /api/user/v1/auth/join?user_id=admin&user_pw=1234&user_name=%EA%B4%80%EB%A6%AC HTTP/1.1" 401 - "-" "PostmanRuntime/7.28.4"
::1 - - [14/Jun/2022:15:19:54 +0000] "POST /api/user/v1/auth/join?user_id=admin&user_pw=1234&user_name=%EA%B4%80%EB%A6%AC HTTP/1.1" 401 - "-" "PostmanRuntime/7.28.4"
::1 - - [14/Jun/2022:15:20:30 +0000] "GET /api/user/v1/auth/join?user_id=admin&user_pw=1234&user_name=%EA%B4%80%EB%A6%AC HTTP/1.1" 401 - "-" "PostmanRuntime/7.28.4"
::1 - - [14/Jun/2022:15:20:31 +0000] "GET /api/user/v1/auth/join?user_id=admin&user_pw=1234&user_name=%EA%B4%80%EB%A6%AC HTTP/1.1" 401 - "-" "PostmanRuntime/7.28.4"
::1 - - [14/Jun/2022:15:20:32 +0000] "GET /api/user/v1/auth/join?user_id=admin&user_pw=1234&user_name=%EA%B4%80%EB%A6%AC HTTP/1.1" 401 - "-" "PostmanRuntime/7.28.4"
::1 - - [14/Jun/2022:15:22:17 +0000] "GET /api/user/v1/auth/join?user_id=admin&user_pw=1234&user_name=%EA%B4%80%EB%A6%AC HTTP/1.1" 401 - "-" "PostmanRuntime/7.28.4"
::1 - - [14/Jun/2022:15:22:17 +0000] "GET /api/user/v1/auth/join?user_id=admin&user_pw=1234&user_name=%EA%B4%80%EB%A6%AC HTTP/1.1" 401 - "-" "PostmanRuntime/7.28.4"
::1 - - [14/Jun/2022:15:22:51 +0000] "GET /api/user/v1/auth/join?user_id=admin&user_pw=1234&user_name=%EA%B4%80%EB%A6%AC HTTP/1.1" 401 - "-" "PostmanRuntime/7.28.4"
::1 - - [14/Jun/2022:15:22:51 +0000] "GET /api/user/v1/auth/join?user_id=admin&user_pw=1234&user_name=%EA%B4%80%EB%A6%AC HTTP/1.1" 401 - "-" "PostmanRuntime/7.28.4"
::1 - - [14/Jun/2022:15:22:52 +0000] "GET /api/user/v1/auth/join?user_id=admin&user_pw=1234&user_name=%EA%B4%80%EB%A6%AC HTTP/1.1" 401 - "-" "PostmanRuntime/7.28.4"
::1 - - [14/Jun/2022:15:29:22 +0000] "POST /api/user/v1/auth/join?user_id=admin&user_pw=1234&user_name=%EA%B4%80%EB%A6%AC HTTP/1.1" 401 - "-" "PostmanRuntime/7.28.4"
::1 - - [14/Jun/2022:15:30:37 +0000] "GET /api/user/v1/auth/login?user_id=admin&user_pw=1234 HTTP/1.1" 401 - "-" "PostmanRuntime/7.28.4"
::1 - - [14/Jun/2022:15:30:42 +0000] "POST /api/user/v1/auth/login?user_id=admin&user_pw=1234 HTTP/1.1" 422 34 "-" "PostmanRuntime/7.28.4"
::1 - - [14/Jun/2022:15:31:12 +0000] "POST /api/user/v1/auth/login HTTP/1.1" 422 34 "-" "PostmanRuntime/7.28.4"
::1 - - [15/Jun/2022:00:51:22 +0000] "POST /api/user/v1/auth/login HTTP/1.1" 422 34 "-" "PostmanRuntime/7.28.4"
::1 - - [15/Jun/2022:00:51:23 +0000] "POST /api/user/v1/auth/login HTTP/1.1" 422 34 "-" "PostmanRuntime/7.28.4"
::1 - - [15/Jun/2022:00:51:25 +0000] "POST /api/user/v1/auth/login HTTP/1.1" 422 34 "-" "PostmanRuntime/7.28.4"
::1 - - [15/Jun/2022:00:51:27 +0000] "POST /api/user/v1/auth/login HTTP/1.1" 422 34 "-" "PostmanRuntime/7.28.4"
::1 - - [15/Jun/2022:00:54:43 +0000] "POST /api/user/v1/auth/login HTTP/1.1" 422 34 "-" "PostmanRuntime/7.28.4"
::1 - - [15/Jun/2022:00:56:34 +0000] "POST /api/user/v1/auth/login HTTP/1.1" 422 34 "-" "PostmanRuntime/7.28.4"
::1 - - [15/Jun/2022:00:57:17 +0000] "POST /api/user/v1/auth/login HTTP/1.1" 422 34 "-" "PostmanRuntime/7.28.4"
::1 - - [15/Jun/2022:00:58:06 +0000] "POST /api/user/v1/auth/login HTTP/1.1" 422 48 "-" "PostmanRuntime/7.28.4"
::1 - - [15/Jun/2022:00:59:23 +0000] "POST /api/user/v1/auth/login HTTP/1.1" 422 48 "-" "PostmanRuntime/7.28.4"
::1 - - [15/Jun/2022:01:01:23 +0000] "POST /api/user/v1/auth/login HTTP/1.1" 422 48 "-" "PostmanRuntime/7.28.4"
::1 - - [15/Jun/2022:01:01:23 +0000] "POST /api/user/v1/auth/login HTTP/1.1" 422 48 "-" "PostmanRuntime/7.28.4"
::1 - - [15/Jun/2022:01:01:54 +0000] "POST /api/user/v1/auth/join?user_id=1@1&user_pw=1234&user_name=%EA%B4%80%EB%A6%AC HTTP/1.1" 401 - "-" "PostmanRuntime/7.28.4"
::1 - - [15/Jun/2022:01:45:41 +0000] "POST /api/user/v1/auth/join?user_id=1@1&user_pw=1234&user_name=%EA%B4%80%EB%A6%AC HTTP/1.1" 401 - "-" "PostmanRuntime/7.28.4"
::1 - - [15/Jun/2022:01:46:18 +0000] "POST /api/user/v1/auth/join?user_id=1@1&user_pw=1234&user_name=%EA%B4%80%EB%A6%AC HTTP/1.1" 401 - "-" "PostmanRuntime/7.28.4"
::1 - - [15/Jun/2022:01:46:50 +0000] "POST /api/user/v1/auth/join HTTP/1.1" 401 - "-" "PostmanRuntime/7.28.4"
::1 - - [15/Jun/2022:01:46:51 +0000] "POST /api/user/v1/auth/join HTTP/1.1" 401 - "-" "PostmanRuntime/7.28.4"
::1 - - [15/Jun/2022:01:50:20 +0000] "POST /api/user/v1/auth/join HTTP/1.1" 401 - "-" "PostmanRuntime/7.28.4"
::1 - - [15/Jun/2022:01:58:09 +0000] "POST /api/user/v1/auth/join HTTP/1.1" 401 - "-" "PostmanRuntime/7.28.4"
::1 - - [15/Jun/2022:01:58:10 +0000] "POST /api/user/v1/auth/join HTTP/1.1" 401 - "-" "PostmanRuntime/7.28.4"
::1 - - [15/Jun/2022:01:58:11 +0000] "POST /api/user/v1/auth/join HTTP/1.1" 401 - "-" "PostmanRuntime/7.28.4"
::1 - - [15/Jun/2022:01:58:12 +0000] "POST /api/user/v1/auth/join HTTP/1.1" 401 - "-" "PostmanRuntime/7.28.4"
::1 - - [15/Jun/2022:02:01:00 +0000] "POST /api/user/v1/auth/join HTTP/1.1" 401 - "-" "PostmanRuntime/7.28.4"
::1 - - [15/Jun/2022:02:09:27 +0000] "POST /api/user/v1/auth/join HTTP/1.1" 401 - "-" "PostmanRuntime/7.28.4"
::1 - - [15/Jun/2022:02:09:28 +0000] "POST /api/user/v1/auth/join HTTP/1.1" 401 - "-" "PostmanRuntime/7.28.4"
::1 - - [15/Jun/2022:02:09:29 +0000] "POST /api/user/v1/auth/join HTTP/1.1" 401 - "-" "PostmanRuntime/7.28.4"
::1 - - [15/Jun/2022:02:09:39 +0000] "POST /api/user/v1/auth/join HTTP/1.1" 401 - "-" "PostmanRuntime/7.28.4"
::1 - - [15/Jun/2022:02:09:41 +0000] "POST /api/user/v1/auth/join HTTP/1.1" 401 - "-" "PostmanRuntime/7.28.4"
::1 - - [15/Jun/2022:02:09:42 +0000] "POST /api/user/v1/auth/join HTTP/1.1" 401 - "-" "PostmanRuntime/7.28.4"
::1 - - [15/Jun/2022:02:10:11 +0000] "POST /api/user/v1/auth/join HTTP/1.1" 401 - "-" "PostmanRuntime/7.28.4"
::1 - - [15/Jun/2022:02:12:07 +0000] "POST /api/user/v1/auth/join HTTP/1.1" 401 - "-" "PostmanRuntime/7.28.4"
::1 - - [15/Jun/2022:02:12:29 +0000] "POST /api/user/v1/auth/join HTTP/1.1" 401 - "-" "PostmanRuntime/7.28.4"
::1 - - [15/Jun/2022:02:12:52 +0000] "POST /api/user/v1/auth/join HTTP/1.1" 401 - "-" "PostmanRuntime/7.28.4"
::1 - - [15/Jun/2022:02:12:54 +0000] "POST /api/user/v1/auth/join HTTP/1.1" 401 - "-" "PostmanRuntime/7.28.4"
::1 - - [15/Jun/2022:02:12:55 +0000] "POST /api/user/v1/auth/join HTTP/1.1" 401 - "-" "PostmanRuntime/7.28.4"
::1 - - [15/Jun/2022:02:12:55 +0000] "POST /api/user/v1/auth/join HTTP/1.1" 401 - "-" "PostmanRuntime/7.28.4"
::1 - - [15/Jun/2022:02:21:23 +0000] "POST /api/user/v1/auth/join HTTP/1.1" 401 - "-" "PostmanRuntime/7.28.4"
::1 - - [15/Jun/2022:02:21:37 +0000] "POST /api/user/v1/auth/ HTTP/1.1" 401 - "-" "PostmanRuntime/7.28.4"
::1 - - [15/Jun/2022:02:21:42 +0000] "POST /api/user/v1/auth/join HTTP/1.1" 401 - "-" "PostmanRuntime/7.28.4"
::1 - - [15/Jun/2022:02:21:45 +0000] "POST /api/user/v1/auth//join HTTP/1.1" 401 - "-" "PostmanRuntime/7.28.4"
::1 - - [15/Jun/2022:02:22:43 +0000] "POST /api/user/v1//auth/join HTTP/1.1" 401 - "-" "PostmanRuntime/7.28.4"
::1 - - [15/Jun/2022:02:23:11 +0000] "GET /api/user/v1/auth/join?user_id=1@1&user_pw=1234&user_name=%EA%B4%80%EB%A6%AC HTTP/1.1" 401 - "-" "PostmanRuntime/7.28.4"
::1 - - [15/Jun/2022:02:23:26 +0000] "POST /api/user/v1/auth/join HTTP/1.1" 401 - "-" "PostmanRuntime/7.28.4"
::1 - - [15/Jun/2022:02:23:27 +0000] "POST /api/user/v1/auth/join HTTP/1.1" 401 - "-" "PostmanRuntime/7.28.4"
::1 - - [15/Jun/2022:02:24:01 +0000] "POST /api/user/v1/auth/join HTTP/1.1" 401 - "-" "PostmanRuntime/7.28.4"
::1 - - [15/Jun/2022:02:24:02 +0000] "POST /api/user/v1/auth/join HTTP/1.1" 401 - "-" "PostmanRuntime/7.28.4"
::1 - - [15/Jun/2022:02:24:03 +0000] "POST /api/user/v1/auth/join HTTP/1.1" 401 - "-" "PostmanRuntime/7.28.4"
::1 - - [15/Jun/2022:02:24:03 +0000] "POST /api/user/v1/auth/join HTTP/1.1" 401 - "-" "PostmanRuntime/7.28.4"
::1 - - [15/Jun/2022:02:24:03 +0000] "POST /api/user/v1/auth/join HTTP/1.1" 401 - "-" "PostmanRuntime/7.28.4"
::1 - - [15/Jun/2022:02:24:05 +0000] "POST /api/user/v1/auth/join HTTP/1.1" 401 - "-" "PostmanRuntime/7.28.4"
::1 - - [15/Jun/2022:02:24:28 +0000] "POST /api/user/v1/auth/join HTTP/1.1" 401 - "-" "PostmanRuntime/7.28.4"
::1 - - [15/Jun/2022:02:24:29 +0000] "POST /api/user/v1/auth/join HTTP/1.1" 401 - "-" "PostmanRuntime/7.28.4"
::1 - - [15/Jun/2022:02:24:30 +0000] "POST /api/user/v1/auth/join HTTP/1.1" 401 - "-" "PostmanRuntime/7.28.4"
::1 - - [15/Jun/2022:02:24:31 +0000] "POST /api/user/v1/auth/join HTTP/1.1" 401 - "-" "PostmanRuntime/7.28.4"
::1 - - [15/Jun/2022:02:34:43 +0000] "POST /api/user/v1/auth/ HTTP/1.1" 401 - "-" "PostmanRuntime/7.28.4"
::1 - - [15/Jun/2022:02:34:44 +0000] "POST /api/user/v1/auth/ HTTP/1.1" 401 - "-" "PostmanRuntime/7.28.4"
::1 - - [15/Jun/2022:02:36:15 +0000] "POST /api/user/v1/auth/ HTTP/1.1" 401 - "-" "PostmanRuntime/7.28.4"
::1 - - [15/Jun/2022:02:42:58 +0000] "POST / HTTP/1.1" 404 140 "-" "PostmanRuntime/7.28.4"
::1 - - [15/Jun/2022:02:43:11 +0000] "GET /api/user/v1/auth/join HTTP/1.1" 401 - "-" "PostmanRuntime/7.28.4"
::1 - - [15/Jun/2022:02:45:46 +0000] "GET /api/admin/v1 HTTP/1.1" 404 151 "-" "PostmanRuntime/7.28.4"
::1 - - [15/Jun/2022:02:45:53 +0000] "GET /api/admin/v1/ HTTP/1.1" 404 152 "-" "PostmanRuntime/7.28.4"
::1 - - [15/Jun/2022:02:46:24 +0000] "GET /api/admin/v1/ HTTP/1.1" - - "-" "PostmanRuntime/7.28.4"
::1 - - [15/Jun/2022:03:45:32 +0000] "GET /api/admin/v1/ HTTP/1.1" - - "-" "PostmanRuntime/7.28.4"
::1 - - [15/Jun/2022:09:36:33 +0000] "GET /api/admin/v1/ HTTP/1.1" - - "-" "PostmanRuntime/7.28.4"
::1 - - [15/Jun/2022:09:40:57 +0000] "GET /api/admin/v1/test HTTP/1.1" - - "-" "PostmanRuntime/7.28.4"
::1 - - [15/Jun/2022:09:41:12 +0000] "GET /api/admin/v1 HTTP/1.1" - - "-" "PostmanRuntime/7.28.4"
::1 - - [15/Jun/2022:09:41:20 +0000] "GET /api/user/v1 HTTP/1.1" 404 150 "-" "PostmanRuntime/7.28.4"
::1 - - [15/Jun/2022:09:41:21 +0000] "GET /api/user/v1 HTTP/1.1" 404 150 "-" "PostmanRuntime/7.28.4"
::1 - - [15/Jun/2022:14:28:52 +0000] "GET /api/user/v1/auth/join HTTP/1.1" 401 - "-" "PostmanRuntime/7.28.4"
::1 - - [19/Jun/2022:13:02:09 +0000] "GET /favicon.ico HTTP/1.1" 404 150 "http://localhost:3000/" "Mozilla/5.0 (Windows NT 10.0; Win64; x64) AppleWebKit/537.36 (KHTML, like Gecko) Chrome/102.0.5005.108 Whale/3.15.136.18 Safari/537.36"
::1 - - [19/Jun/2022:13:02:42 +0000] "GET /api/user/v1/test HTTP/1.1" 404 155 "-" "Mozilla/5.0 (Windows NT 10.0; Win64; x64) AppleWebKit/537.36 (KHTML, like Gecko) Chrome/102.0.5005.108 Whale/3.15.136.18 Safari/537.36"
::1 - - [19/Jun/2022:13:03:01 +0000] "GET /api/user/v1/test HTTP/1.1" 404 155 "-" "Mozilla/5.0 (Windows NT 10.0; Win64; x64) AppleWebKit/537.36 (KHTML, like Gecko) Chrome/102.0.5005.108 Whale/3.15.136.18 Safari/537.36"
::1 - - [19/Jun/2022:13:03:18 +0000] "GET /api/user/v1/auth/test HTTP/1.1" 401 - "-" "Mozilla/5.0 (Windows NT 10.0; Win64; x64) AppleWebKit/537.36 (KHTML, like Gecko) Chrome/102.0.5005.108 Whale/3.15.136.18 Safari/537.36"
::1 - - [19/Jun/2022:13:10:03 +0000] "GET /api/user/v1/auth/test HTTP/1.1" 401 - "-" "Mozilla/5.0 (Windows NT 10.0; Win64; x64) AppleWebKit/537.36 (KHTML, like Gecko) Chrome/102.0.5005.108 Whale/3.15.136.18 Safari/537.36"
::1 - - [19/Jun/2022:13:10:03 +0000] "GET /api/user/v1/auth/test HTTP/1.1" 401 - "-" "Mozilla/5.0 (Windows NT 10.0; Win64; x64) AppleWebKit/537.36 (KHTML, like Gecko) Chrome/102.0.5005.108 Whale/3.15.136.18 Safari/537.36"
::1 - - [19/Jun/2022:13:10:03 +0000] "GET /api/user/v1/auth/test HTTP/1.1" 401 - "-" "Mozilla/5.0 (Windows NT 10.0; Win64; x64) AppleWebKit/537.36 (KHTML, like Gecko) Chrome/102.0.5005.108 Whale/3.15.136.18 Safari/537.36"
::1 - - [19/Jun/2022:13:10:04 +0000] "GET /api/user/v1/auth/test HTTP/1.1" 401 - "-" "Mozilla/5.0 (Windows NT 10.0; Win64; x64) AppleWebKit/537.36 (KHTML, like Gecko) Chrome/102.0.5005.108 Whale/3.15.136.18 Safari/537.36"
::1 - - [19/Jun/2022:13:10:04 +0000] "GET /api/user/v1/auth/test HTTP/1.1" 401 - "-" "Mozilla/5.0 (Windows NT 10.0; Win64; x64) AppleWebKit/537.36 (KHTML, like Gecko) Chrome/102.0.5005.108 Whale/3.15.136.18 Safari/537.36"
::1 - - [19/Jun/2022:13:10:04 +0000] "GET /api/user/v1/auth/test HTTP/1.1" 401 - "-" "Mozilla/5.0 (Windows NT 10.0; Win64; x64) AppleWebKit/537.36 (KHTML, like Gecko) Chrome/102.0.5005.108 Whale/3.15.136.18 Safari/537.36"
::1 - - [19/Jun/2022:13:16:01 +0000] "GET /api/user/v1/auth/test HTTP/1.1" 401 - "-" "Mozilla/5.0 (Windows NT 10.0; Win64; x64) AppleWebKit/537.36 (KHTML, like Gecko) Chrome/102.0.5005.108 Whale/3.15.136.18 Safari/537.36"
::1 - - [19/Jun/2022:13:16:01 +0000] "GET /api/user/v1/auth/test HTTP/1.1" 401 - "-" "Mozilla/5.0 (Windows NT 10.0; Win64; x64) AppleWebKit/537.36 (KHTML, like Gecko) Chrome/102.0.5005.108 Whale/3.15.136.18 Safari/537.36"
::1 - - [19/Jun/2022:13:16:01 +0000] "GET /api/user/v1/auth/test HTTP/1.1" 401 - "-" "Mozilla/5.0 (Windows NT 10.0; Win64; x64) AppleWebKit/537.36 (KHTML, like Gecko) Chrome/102.0.5005.108 Whale/3.15.136.18 Safari/537.36"
::1 - - [19/Jun/2022:13:16:02 +0000] "GET /api/user/v1/auth/test HTTP/1.1" 401 - "-" "Mozilla/5.0 (Windows NT 10.0; Win64; x64) AppleWebKit/537.36 (KHTML, like Gecko) Chrome/102.0.5005.108 Whale/3.15.136.18 Safari/537.36"
::1 - - [19/Jun/2022:13:24:08 +0000] "GET /api/user/v1/auth/test HTTP/1.1" 404 160 "-" "Mozilla/5.0 (Windows NT 10.0; Win64; x64) AppleWebKit/537.36 (KHTML, like Gecko) Chrome/102.0.5005.108 Whale/3.15.136.18 Safari/537.36"
::1 - - [19/Jun/2022:13:24:08 +0000] "GET /api/user/v1/auth/test HTTP/1.1" 404 160 "-" "Mozilla/5.0 (Windows NT 10.0; Win64; x64) AppleWebKit/537.36 (KHTML, like Gecko) Chrome/102.0.5005.108 Whale/3.15.136.18 Safari/537.36"
::1 - - [19/Jun/2022:13:24:09 +0000] "GET /api/user/v1/auth/test HTTP/1.1" 404 160 "-" "Mozilla/5.0 (Windows NT 10.0; Win64; x64) AppleWebKit/537.36 (KHTML, like Gecko) Chrome/102.0.5005.108 Whale/3.15.136.18 Safari/537.36"
::1 - - [19/Jun/2022:13:24:09 +0000] "GET /api/user/v1/auth/test HTTP/1.1" 404 160 "-" "Mozilla/5.0 (Windows NT 10.0; Win64; x64) AppleWebKit/537.36 (KHTML, like Gecko) Chrome/102.0.5005.108 Whale/3.15.136.18 Safari/537.36"
::1 - - [19/Jun/2022:13:24:09 +0000] "GET /api/user/v1/auth/test HTTP/1.1" 404 160 "-" "Mozilla/5.0 (Windows NT 10.0; Win64; x64) AppleWebKit/537.36 (KHTML, like Gecko) Chrome/102.0.5005.108 Whale/3.15.136.18 Safari/537.36"
::1 - - [19/Jun/2022:13:24:09 +0000] "GET /api/user/v1/auth/test HTTP/1.1" 404 160 "-" "Mozilla/5.0 (Windows NT 10.0; Win64; x64) AppleWebKit/537.36 (KHTML, like Gecko) Chrome/102.0.5005.108 Whale/3.15.136.18 Safari/537.36"
::1 - - [19/Jun/2022:13:24:09 +0000] "GET /api/user/v1/auth/test HTTP/1.1" 404 160 "-" "Mozilla/5.0 (Windows NT 10.0; Win64; x64) AppleWebKit/537.36 (KHTML, like Gecko) Chrome/102.0.5005.108 Whale/3.15.136.18 Safari/537.36"
::1 - - [19/Jun/2022:13:24:10 +0000] "GET /api/user/v1/auth/test HTTP/1.1" 404 160 "-" "Mozilla/5.0 (Windows NT 10.0; Win64; x64) AppleWebKit/537.36 (KHTML, like Gecko) Chrome/102.0.5005.108 Whale/3.15.136.18 Safari/537.36"
::1 - - [19/Jun/2022:13:24:10 +0000] "GET /api/user/v1/auth/test HTTP/1.1" 404 160 "-" "Mozilla/5.0 (Windows NT 10.0; Win64; x64) AppleWebKit/537.36 (KHTML, like Gecko) Chrome/102.0.5005.108 Whale/3.15.136.18 Safari/537.36"
::1 - - [19/Jun/2022:13:24:35 +0000] "GET /api/user/v1/auth/test HTTP/1.1" 200 - "-" "Mozilla/5.0 (Windows NT 10.0; Win64; x64) AppleWebKit/537.36 (KHTML, like Gecko) Chrome/102.0.5005.108 Whale/3.15.136.18 Safari/537.36"
::1 - - [19/Jun/2022:14:12:17 +0000] "GET /api/user/v1/auth/join?user_id=khkh0130@naver.com&user_pw=rlgns123&user_name=jungkihun HTTP/1.1" 404 160 "-" "PostmanRuntime/7.28.4"
::1 - - [19/Jun/2022:14:12:17 +0000] "GET /api/user/v1/auth/test HTTP/1.1" 304 - "-" "Mozilla/5.0 (Windows NT 10.0; Win64; x64) AppleWebKit/537.36 (KHTML, like Gecko) Chrome/102.0.5005.108 Whale/3.15.136.18 Safari/537.36"
::1 - - [19/Jun/2022:14:12:17 +0000] "POST /api/user/v1/auth/test HTTP/1.1" 404 161 "-" "PostmanRuntime/7.28.4"
::1 - - [19/Jun/2022:14:12:17 +0000] "POST /api/user/v1/auth/join HTTP/1.1" 404 161 "-" "PostmanRuntime/7.28.4"
::1 - - [19/Jun/2022:14:12:20 +0000] "GET /api/user/v1/auth/test HTTP/1.1" 304 - "-" "Mozilla/5.0 (Windows NT 10.0; Win64; x64) AppleWebKit/537.36 (KHTML, like Gecko) Chrome/102.0.5005.108 Whale/3.15.136.18 Safari/537.36"
::1 - - [19/Jun/2022:14:13:14 +0000] "GET /api/user/v1/auth/test HTTP/1.1" 200 - "-" "PostmanRuntime/7.28.4"
::1 - - [19/Jun/2022:14:13:28 +0000] "POST /api/user/v1/auth/join HTTP/1.1" 404 161 "-" "PostmanRuntime/7.28.4"
::1 - - [19/Jun/2022:14:14:46 +0000] "POST /api/user/v1/auth/join HTTP/1.1" 404 161 "-" "PostmanRuntime/7.28.4"
::1 - - [19/Jun/2022:14:16:17 +0000] "POST /api/user/v1/auth/join HTTP/1.1" 404 161 "-" "PostmanRuntime/7.28.4"
::1 - - [19/Jun/2022:14:17:29 +0000] "POST /api/user/v1/auth/join HTTP/1.1" 404 161 "-" "PostmanRuntime/7.28.4"
::1 - - [19/Jun/2022:14:17:51 +0000] "POST /api/user/v1/auth/join HTTP/1.1" 404 161 "-" "PostmanRuntime/7.28.4"
::1 - - [19/Jun/2022:14:17:55 +0000] "POST /api/user/v1/auth/join HTTP/1.1" 404 161 "-" "PostmanRuntime/7.28.4"
::1 - - [19/Jun/2022:14:19:44 +0000] "POST /api/user/v1/auth/join HTTP/1.1" 404 161 "-" "PostmanRuntime/7.28.4"
::1 - - [19/Jun/2022:14:19:57 +0000] "POST /api/user/v1/auth/join HTTP/1.1" 404 161 "-" "PostmanRuntime/7.28.4"
::1 - - [19/Jun/2022:14:20:03 +0000] "GET /api/user/v1/auth/test HTTP/1.1" 200 - "-" "PostmanRuntime/7.28.4"
::1 - - [19/Jun/2022:14:20:30 +0000] "POST /api/user/v1/auth/join HTTP/1.1" 404 161 "-" "PostmanRuntime/7.28.4"
::1 - - [19/Jun/2022:14:20:31 +0000] "POST /api/user/v1/auth/join HTTP/1.1" 404 161 "-" "PostmanRuntime/7.28.4"
::1 - - [19/Jun/2022:14:20:31 +0000] "POST /api/user/v1/auth/join HTTP/1.1" 404 161 "-" "PostmanRuntime/7.28.4"
::1 - - [19/Jun/2022:14:20:49 +0000] "POST /api/user/v1/auth/join HTTP/1.1" 404 161 "-" "PostmanRuntime/7.28.4"
::1 - - [19/Jun/2022:14:20:50 +0000] "POST /api/user/v1/auth/join HTTP/1.1" 404 161 "-" "PostmanRuntime/7.28.4"
::1 - - [19/Jun/2022:14:20:50 +0000] "POST /api/user/v1/auth/join HTTP/1.1" 404 161 "-" "PostmanRuntime/7.28.4"
::1 - - [19/Jun/2022:14:20:51 +0000] "POST /api/user/v1/auth/join HTTP/1.1" 404 161 "-" "PostmanRuntime/7.28.4"
::1 - - [19/Jun/2022:14:21:22 +0000] "POST /api/user/v1/auth/join HTTP/1.1" 404 161 "-" "PostmanRuntime/7.28.4"
::1 - - [19/Jun/2022:14:21:23 +0000] "POST /api/user/v1/auth/join HTTP/1.1" 404 161 "-" "PostmanRuntime/7.28.4"
::1 - - [19/Jun/2022:14:21:23 +0000] "POST /api/user/v1/auth/join HTTP/1.1" 404 161 "-" "PostmanRuntime/7.28.4"
::1 - - [19/Jun/2022:14:21:24 +0000] "POST /api/user/v1/auth/join HTTP/1.1" 404 161 "-" "PostmanRuntime/7.28.4"
::1 - - [19/Jun/2022:14:21:25 +0000] "POST /api/user/v1/auth/join HTTP/1.1" 404 161 "-" "PostmanRuntime/7.28.4"
::1 - - [19/Jun/2022:14:21:26 +0000] "POST /api/user/v1/auth/join HTTP/1.1" 404 161 "-" "PostmanRuntime/7.28.4"
::1 - - [19/Jun/2022:14:21:26 +0000] "POST /api/user/v1/auth/join HTTP/1.1" 404 161 "-" "PostmanRuntime/7.28.4"
::1 - - [19/Jun/2022:14:21:27 +0000] "POST /api/user/v1/auth/join HTTP/1.1" 404 161 "-" "PostmanRuntime/7.28.4"
::1 - - [19/Jun/2022:14:21:27 +0000] "POST /api/user/v1/auth/join HTTP/1.1" 404 161 "-" "PostmanRuntime/7.28.4"
::1 - - [19/Jun/2022:14:21:28 +0000] "POST /api/user/v1/auth/join HTTP/1.1" 404 161 "-" "PostmanRuntime/7.28.4"
::1 - - [19/Jun/2022:14:21:28 +0000] "POST /api/user/v1/auth/join HTTP/1.1" 404 161 "-" "PostmanRuntime/7.28.4"
::1 - - [19/Jun/2022:14:23:09 +0000] "POST /api/user/v1/auth//join HTTP/1.1" 404 162 "-" "PostmanRuntime/7.28.4"
::1 - - [19/Jun/2022:14:23:14 +0000] "POST /api/user/v1/auth/join HTTP/1.1" 404 161 "-" "PostmanRuntime/7.28.4"
::1 - - [19/Jun/2022:14:23:17 +0000] "POST /api/user/v1/auth/ HTTP/1.1" 404 157 "-" "PostmanRuntime/7.28.4"
::1 - - [19/Jun/2022:14:23:38 +0000] "POST /api/user/v1/auth/test HTTP/1.1" 404 161 "-" "PostmanRuntime/7.28.4"
::1 - - [19/Jun/2022:14:23:42 +0000] "GET /api/user/v1/auth/test HTTP/1.1" 200 - "-" "PostmanRuntime/7.28.4"
::1 - - [19/Jun/2022:14:23:54 +0000] "POST /api/user/v1/auth/join HTTP/1.1" 404 161 "-" "PostmanRuntime/7.28.4"
::1 - - [19/Jun/2022:14:24:36 +0000] "POST /api/user/v1/auth/join HTTP/1.1" 404 161 "-" "PostmanRuntime/7.28.4"
::1 - - [19/Jun/2022:14:24:49 +0000] "POST /api/user/v1/auth/join HTTP/1.1" 404 161 "-" "PostmanRuntime/7.28.4"
::1 - - [19/Jun/2022:14:24:51 +0000] "POST /api/user/v1/auth/join HTTP/1.1" 404 161 "-" "PostmanRuntime/7.28.4"
::1 - - [19/Jun/2022:14:25:29 +0000] "POST /api/user/v1/auth/join HTTP/1.1" 404 161 "-" "PostmanRuntime/7.28.4"
::1 - - [19/Jun/2022:14:25:39 +0000] "GET /api/user/v1/auth/join HTTP/1.1" 404 160 "-" "PostmanRuntime/7.28.4"
::1 - - [19/Jun/2022:14:25:42 +0000] "GET /api/user/v1/auth/join HTTP/1.1" 404 160 "-" "PostmanRuntime/7.28.4"
::1 - - [19/Jun/2022:14:25:43 +0000] "GET /api/user/v1/auth/join HTTP/1.1" 404 160 "-" "PostmanRuntime/7.28.4"
::1 - - [19/Jun/2022:14:25:55 +0000] "POST /api/user/v1/auth/join HTTP/1.1" 404 161 "-" "PostmanRuntime/7.28.4"
::1 - - [19/Jun/2022:14:26:18 +0000] "GET /api/user/v1/auth/join HTTP/1.1" 404 160 "-" "PostmanRuntime/7.28.4"
::1 - - [19/Jun/2022:14:26:19 +0000] "GET /api/user/v1/auth/join HTTP/1.1" 404 160 "-" "PostmanRuntime/7.28.4"
::1 - - [19/Jun/2022:14:26:20 +0000] "GET /api/user/v1/auth/join HTTP/1.1" 404 160 "-" "PostmanRuntime/7.28.4"
::1 - - [19/Jun/2022:14:26:23 +0000] "GET /api/user/v1/auth/join HTTP/1.1" 404 160 "-" "PostmanRuntime/7.28.4"
::1 - - [19/Jun/2022:14:26:27 +0000] "POST /api/user/v1/auth/test HTTP/1.1" 404 161 "-" "PostmanRuntime/7.28.4"
::1 - - [19/Jun/2022:14:26:30 +0000] "GET /api/user/v1/auth/test HTTP/1.1" 200 - "-" "PostmanRuntime/7.28.4"
::1 - - [19/Jun/2022:14:26:41 +0000] "GET /api/user/v1/auth/test HTTP/1.1" 404 160 "-" "PostmanRuntime/7.28.4"
::1 - - [19/Jun/2022:14:26:43 +0000] "POST /api/user/v1/auth/test HTTP/1.1" 200 - "-" "PostmanRuntime/7.28.4"
::1 - - [19/Jun/2022:14:26:52 +0000] "POST /api/user/v1/auth/join HTTP/1.1" 404 161 "-" "PostmanRuntime/7.28.4"
::1 - - [19/Jun/2022:14:26:56 +0000] "GET /api/user/v1/auth/join HTTP/1.1" 404 160 "-" "PostmanRuntime/7.28.4"
::1 - - [19/Jun/2022:14:26:59 +0000] "GET /api/user/v1/auth/join HTTP/1.1" 404 160 "-" "PostmanRuntime/7.28.4"
::1 - - [19/Jun/2022:14:27:00 +0000] "GET /api/user/v1/auth/join HTTP/1.1" 404 160 "-" "PostmanRuntime/7.28.4"
::1 - - [19/Jun/2022:14:27:00 +0000] "GET /api/user/v1/auth/join HTTP/1.1" 404 160 "-" "PostmanRuntime/7.28.4"
::1 - - [19/Jun/2022:14:27:02 +0000] "GET /api/user/v1/auth/join HTTP/1.1" 404 160 "-" "PostmanRuntime/7.28.4"
::1 - - [19/Jun/2022:14:27:03 +0000] "GET /api/user/v1/auth/join HTTP/1.1" 404 160 "-" "PostmanRuntime/7.28.4"
::1 - - [19/Jun/2022:14:27:14 +0000] "POST /api/user/v1/auth/join HTTP/1.1" 404 161 "-" "PostmanRuntime/7.28.4"
::1 - - [19/Jun/2022:14:27:15 +0000] "POST /api/user/v1/auth/join HTTP/1.1" 404 161 "-" "PostmanRuntime/7.28.4"
::1 - - [19/Jun/2022:14:27:15 +0000] "POST /api/user/v1/auth/join HTTP/1.1" 404 161 "-" "PostmanRuntime/7.28.4"
::1 - - [19/Jun/2022:14:27:32 +0000] "POST /api/user/v1/auth/test HTTP/1.1" - - "-" "PostmanRuntime/7.28.4"
::1 - - [19/Jun/2022:14:35:57 +0000] "POST /api/user/v1/auth/test HTTP/1.1" 500 49 "-" "PostmanRuntime/7.28.4"
::1 - - [19/Jun/2022:14:39:42 +0000] "POST /api/user/v1/auth/test HTTP/1.1" - - "-" "PostmanRuntime/7.28.4"
::1 - - [19/Jun/2022:14:39:58 +0000] "POST /api/user/v1/auth/test HTTP/1.1" 500 49 "-" "PostmanRuntime/7.28.4"
::1 - - [19/Jun/2022:14:40:02 +0000] "POST /api/user/v1/auth/test HTTP/1.1" 500 49 "-" "PostmanRuntime/7.28.4"
::1 - - [19/Jun/2022:14:41:23 +0000] "POST /api/user/v1/auth/test HTTP/1.1" - - "-" "PostmanRuntime/7.28.4"
::1 - - [19/Jun/2022:14:45:02 +0000] "POST /api/user/v1/auth/test HTTP/1.1" 200 63 "-" "PostmanRuntime/7.28.4"
::1 - - [19/Jun/2022:14:45:31 +0000] "POST /api/user/v1/auth/test HTTP/1.1" 500 44 "-" "PostmanRuntime/7.28.4"
::1 - - [19/Jun/2022:14:47:03 +0000] "POST /api/user/v1/auth/test HTTP/1.1" 200 - "-" "PostmanRuntime/7.28.4"
::1 - - [19/Jun/2022:14:47:14 +0000] "POST /api/user/v1/auth/register HTTP/1.1" 404 165 "-" "PostmanRuntime/7.28.4"
::1 - - [19/Jun/2022:14:47:37 +0000] "POST /api/user/v1/auth/register HTTP/1.1" 404 165 "-" "PostmanRuntime/7.28.4"
::1 - - [19/Jun/2022:14:48:13 +0000] "POST /api/user/v1/auth/register HTTP/1.1" 404 165 "-" "PostmanRuntime/7.28.4"
::1 - - [19/Jun/2022:14:48:27 +0000] "POST /api/user/v1/auth/test HTTP/1.1" 404 161 "-" "PostmanRuntime/7.28.4"
::1 - - [19/Jun/2022:14:48:31 +0000] "GET /api/user/v1/auth/test HTTP/1.1" 200 - "-" "PostmanRuntime/7.28.4"
::1 - - [19/Jun/2022:14:48:39 +0000] "POST /api/user/v1/auth/register HTTP/1.1" 404 165 "-" "PostmanRuntime/7.28.4"
::1 - - [19/Jun/2022:14:49:31 +0000] "POST /api/user/v1/auth/test HTTP/1.1" 404 161 "-" "PostmanRuntime/7.28.4"
::1 - - [19/Jun/2022:14:49:39 +0000] "POST /api/user/v1/auth/test HTTP/1.1" 500 44 "-" "PostmanRuntime/7.28.4"
::1 - - [19/Jun/2022:14:49:47 +0000] "POST /api/user/v1/auth/register HTTP/1.1" 404 165 "-" "PostmanRuntime/7.28.4"
::1 - - [19/Jun/2022:14:49:54 +0000] "POST /api/user/v1/auth/register HTTP/1.1" 404 165 "-" "PostmanRuntime/7.28.4"
::1 - - [19/Jun/2022:14:49:55 +0000] "POST /api/user/v1/auth/register HTTP/1.1" 404 165 "-" "PostmanRuntime/7.28.4"
::1 - - [19/Jun/2022:14:49:58 +0000] "POST /api/user/v1/auth/register HTTP/1.1" 500 44 "-" "PostmanRuntime/7.28.4"
::1 - - [19/Jun/2022:14:50:08 +0000] "POST /api/user/v1/auth/register HTTP/1.1" 500 44 "-" "PostmanRuntime/7.28.4"
